<?xml version="1.0" encoding="UTF-8"?>
<!-- Generated by org.testng.reporters.JUnitXMLReporter -->
<testsuite ignored="0" hostname="User" failures="1" tests="5" name="FirefoxText(failed)" time="279.843" errors="0" timestamp="2023-03-31T22:34:14 IST">
  <testcase classname="TestNGPack.VerifyForgotPasswodPage" name="@BeforeMethod goToForgotPasswodPage" time="0.438">
    <failure type="org.openqa.selenium.NoSuchWindowException" message="Browsing context has been discarded
Build info: version: &amp;apos;3.141.59&amp;apos;, revision: &amp;apos;e82be7d358&amp;apos;, time: &amp;apos;2018-11-14T08:17:03&amp;apos;
System info: host: &amp;apos;USER&amp;apos;, ip: &amp;apos;192.168.43.126&amp;apos;, os.name: &amp;apos;Windows 8.1&amp;apos;, os.arch: &amp;apos;amd64&amp;apos;, os.version: &amp;apos;6.3&amp;apos;, java.version: &amp;apos;17.0.5&amp;apos;
Driver info: org.openqa.selenium.firefox.FirefoxDriver
Capabilities {acceptInsecureCerts: true, browserName: firefox, browserVersion: 111.0.1, javascriptEnabled: true, moz:accessibilityChecks: false, moz:buildID: 20230321111920, moz:geckodriverVersion: 0.32.2, moz:headless: false, moz:platformVersion: 6.3, moz:processID: 7320, moz:profile: C:\Users\Admin\AppData\Loca..., moz:shutdownTimeout: 60000, moz:useNonSpecCompliantPointerOrigin: false, moz:webdriverClick: true, moz:windowless: false, pageLoadStrategy: normal, platform: WINDOWS, platformName: WINDOWS, proxy: Proxy(), setWindowRect: true, strictFileInteractability: false, timeouts: {implicit: 0, pageLoad: 300000, script: 30000}, unhandledPromptBehavior: dismiss and notify}
Session ID: 2252b4b5-d29a-46a5-8705-cd7052867bff">
      <![CDATA[org.openqa.selenium.NoSuchWindowException: Browsing context has been discarded
Build info: version: '3.141.59', revision: 'e82be7d358', time: '2018-11-14T08:17:03'
System info: host: 'USER', ip: '192.168.43.126', os.name: 'Windows 8.1', os.arch: 'amd64', os.version: '6.3', java.version: '17.0.5'
Driver info: org.openqa.selenium.firefox.FirefoxDriver
Capabilities {acceptInsecureCerts: true, browserName: firefox, browserVersion: 111.0.1, javascriptEnabled: true, moz:accessibilityChecks: false, moz:buildID: 20230321111920, moz:geckodriverVersion: 0.32.2, moz:headless: false, moz:platformVersion: 6.3, moz:processID: 7320, moz:profile: C:\Users\Admin\AppData\Loca..., moz:shutdownTimeout: 60000, moz:useNonSpecCompliantPointerOrigin: false, moz:webdriverClick: true, moz:windowless: false, pageLoadStrategy: normal, platform: WINDOWS, platformName: WINDOWS, proxy: Proxy(), setWindowRect: true, strictFileInteractability: false, timeouts: {implicit: 0, pageLoad: 300000, script: 30000}, unhandledPromptBehavior: dismiss and notify}
Session ID: 2252b4b5-d29a-46a5-8705-cd7052867bff
at org.openqa.selenium.remote.http.W3CHttpResponseCodec.createException(W3CHttpResponseCodec.java:187)
at org.openqa.selenium.remote.http.W3CHttpResponseCodec.decode(W3CHttpResponseCodec.java:122)
at org.openqa.selenium.remote.http.W3CHttpResponseCodec.decode(W3CHttpResponseCodec.java:49)
at org.openqa.selenium.remote.HttpCommandExecutor.execute(HttpCommandExecutor.java:158)
at org.openqa.selenium.remote.service.DriverCommandExecutor.execute(DriverCommandExecutor.java:83)
at org.openqa.selenium.remote.RemoteWebDriver.execute(RemoteWebDriver.java:552)
at org.openqa.selenium.remote.RemoteWebDriver.get(RemoteWebDriver.java:277)
at TestNGPack.VerifyForgotPasswodPage.goToForgotPasswodPage(VerifyForgotPasswodPage.java:57)
at java.base/java.util.concurrent.ThreadPoolExecutor.runWorker(ThreadPoolExecutor.java:1136)
at java.base/java.util.concurrent.ThreadPoolExecutor$Worker.run(ThreadPoolExecutor.java:635)
at java.base/java.lang.Thread.run(Thread.java:833)
... Removed 21 stack frames]]>
    </failure>
  </testcase> <!-- @BeforeMethod goToForgotPasswodPage -->
  <testcase classname="TestNGPack.VerifyForgotPasswodPage" name="@AfterMethod logoutFromApplicatiion" time="-1.680282208124E9">
    <skipped/>
  </testcase> <!-- @AfterMethod logoutFromApplicatiion -->
  <testcase classname="TestNGPack.VerifyForgotPasswodPage" name="@AfterClass afterClass" time="-1.680282208131E9">
    <skipped/>
  </testcase> <!-- @AfterClass afterClass -->
  <testcase classname="TestNGPack.VerifyForgotPasswodPage" name="@AfterTest closedBrowser" time="-1.680282253833E9">
    <skipped/>
  </testcase> <!-- @AfterTest closedBrowser -->
  <testcase classname="TestNGPack.VerifySignUpPage" name="@AfterTest closedBrowser" time="-1.680282253994E9">
    <skipped/>
  </testcase> <!-- @AfterTest closedBrowser -->
  <testcase classname="TestNGPack.VerifyForgotPasswodPage" name="verifyMessageOnForgotPasswordPage" time="16.593"/>
  <testcase classname="TestNGPack.VerifyForgotPasswodPage" name="verifyCancleButtonForgotPasswardPage" time="9.158">
    <failure type="org.openqa.selenium.NoSuchWindowException" message="Browsing context has been discarded
Build info: version: &amp;apos;3.141.59&amp;apos;, revision: &amp;apos;e82be7d358&amp;apos;, time: &amp;apos;2018-11-14T08:17:03&amp;apos;
System info: host: &amp;apos;USER&amp;apos;, ip: &amp;apos;192.168.43.126&amp;apos;, os.name: &amp;apos;Windows 8.1&amp;apos;, os.arch: &amp;apos;amd64&amp;apos;, os.version: &amp;apos;6.3&amp;apos;, java.version: &amp;apos;17.0.5&amp;apos;
Driver info: org.openqa.selenium.firefox.FirefoxDriver
Capabilities {acceptInsecureCerts: true, browserName: firefox, browserVersion: 111.0.1, javascriptEnabled: true, moz:accessibilityChecks: false, moz:buildID: 20230321111920, moz:geckodriverVersion: 0.32.2, moz:headless: false, moz:platformVersion: 6.3, moz:processID: 7320, moz:profile: C:\Users\Admin\AppData\Loca..., moz:shutdownTimeout: 60000, moz:useNonSpecCompliantPointerOrigin: false, moz:webdriverClick: true, moz:windowless: false, pageLoadStrategy: normal, platform: WINDOWS, platformName: WINDOWS, proxy: Proxy(), setWindowRect: true, strictFileInteractability: false, timeouts: {implicit: 0, pageLoad: 300000, script: 30000}, unhandledPromptBehavior: dismiss and notify}
Session ID: 2252b4b5-d29a-46a5-8705-cd7052867bff
*** Element info: {Using=xpath, value=//button[text()=&amp;apos;Search&amp;apos;]}">
      <![CDATA[org.openqa.selenium.NoSuchWindowException: Browsing context has been discarded
Build info: version: '3.141.59', revision: 'e82be7d358', time: '2018-11-14T08:17:03'
System info: host: 'USER', ip: '192.168.43.126', os.name: 'Windows 8.1', os.arch: 'amd64', os.version: '6.3', java.version: '17.0.5'
Driver info: org.openqa.selenium.firefox.FirefoxDriver
Capabilities {acceptInsecureCerts: true, browserName: firefox, browserVersion: 111.0.1, javascriptEnabled: true, moz:accessibilityChecks: false, moz:buildID: 20230321111920, moz:geckodriverVersion: 0.32.2, moz:headless: false, moz:platformVersion: 6.3, moz:processID: 7320, moz:profile: C:\Users\Admin\AppData\Loca..., moz:shutdownTimeout: 60000, moz:useNonSpecCompliantPointerOrigin: false, moz:webdriverClick: true, moz:windowless: false, pageLoadStrategy: normal, platform: WINDOWS, platformName: WINDOWS, proxy: Proxy(), setWindowRect: true, strictFileInteractability: false, timeouts: {implicit: 0, pageLoad: 300000, script: 30000}, unhandledPromptBehavior: dismiss and notify}
Session ID: 2252b4b5-d29a-46a5-8705-cd7052867bff
*** Element info: {Using=xpath, value=//button[text()='Search']}
at org.openqa.selenium.remote.http.W3CHttpResponseCodec.createException(W3CHttpResponseCodec.java:187)
at org.openqa.selenium.remote.http.W3CHttpResponseCodec.decode(W3CHttpResponseCodec.java:122)
at org.openqa.selenium.remote.http.W3CHttpResponseCodec.decode(W3CHttpResponseCodec.java:49)
at org.openqa.selenium.remote.HttpCommandExecutor.execute(HttpCommandExecutor.java:158)
at org.openqa.selenium.remote.service.DriverCommandExecutor.execute(DriverCommandExecutor.java:83)
at org.openqa.selenium.remote.RemoteWebDriver.execute(RemoteWebDriver.java:552)
at org.openqa.selenium.remote.RemoteWebDriver.findElement(RemoteWebDriver.java:323)
at org.openqa.selenium.remote.RemoteWebDriver.findElementByXPath(RemoteWebDriver.java:428)
at org.openqa.selenium.By$ByXPath.findElement(By.java:353)
at org.openqa.selenium.remote.RemoteWebDriver.findElement(RemoteWebDriver.java:315)
at org.openqa.selenium.support.pagefactory.DefaultElementLocator.findElement(DefaultElementLocator.java:69)
at org.openqa.selenium.support.pagefactory.internal.LocatingElementHandler.invoke(LocatingElementHandler.java:38)
at jdk.proxy2/jdk.proxy2.$Proxy17.click(Unknown Source)
at Page.ForgotPassPage.clickOnSarchButton(ForgotPassPage.java:36)
at TestNGPack.VerifyForgotPasswodPage.verifyCancleButtonForgotPasswardPage(VerifyForgotPasswodPage.java:78)
at java.base/java.util.concurrent.ThreadPoolExecutor.runWorker(ThreadPoolExecutor.java:1136)
at java.base/java.util.concurrent.ThreadPoolExecutor$Worker.run(ThreadPoolExecutor.java:635)
at java.base/java.lang.Thread.run(Thread.java:833)
... Removed 17 stack frames]]>
    </failure>
  </testcase> <!-- verifyCancleButtonForgotPasswardPage -->
  <testcase classname="TestNGPack.VerifyForgotPasswodPage" name="veriffySearchFunctionOnForgotPasswordPage" time="0.0">
    <skipped/>
  </testcase> <!-- veriffySearchFunctionOnForgotPasswordPage -->
  <testcase classname="TestNGPack.VerifySignUpPage" name="verifySignInFunctionality" time="155.439"/>
  <testcase classname="TestNGPack.VerifySignUpPage" name="verifyErrorMessagePresentonSignUpPopUp" time="27.472"/>
</testsuite> <!-- FirefoxText(failed) -->
